<?xml version="1.0" encoding="UTF-8"?>
<testng-results ignored="0" total="4" passed="1" failed="3" skipped="0">
  <reporter-output>
  </reporter-output>
  <suite started-at="2021-06-06T14:41:34 IST" name="Suite" finished-at="2021-06-06T14:45:53 IST" duration-ms="259528">
    <groups>
    </groups>
    <test started-at="2021-06-06T14:41:34 IST" name="Test" finished-at="2021-06-06T14:45:53 IST" duration-ms="259528">
      <class name="com.testcases.LoginPageTest">
        <test-method is-config="true" signature="LogInitializer()[pri:0, instance:com.testcases.LoginPageTest@49c7b90e]" started-at="2021-06-06T14:41:33 IST" name="LogInitializer" finished-at="2021-06-06T14:41:34 IST" duration-ms="550" status="PASS">
          <reporter-output>
          </reporter-output>
        </test-method> <!-- LogInitializer -->
        <test-method is-config="true" signature="setup()[pri:0, instance:com.testcases.LoginPageTest@49c7b90e]" started-at="2021-06-06T14:41:34 IST" name="setup" finished-at="2021-06-06T14:42:15 IST" duration-ms="41565" status="PASS">
          <reporter-output>
          </reporter-output>
        </test-method> <!-- setup -->
        <test-method signature="testLoginFunctionality(java.lang.String, java.lang.String, java.lang.String, java.lang.String, java.lang.String, java.lang.String, java.lang.String, java.lang.String)[pri:0, instance:com.testcases.LoginPageTest@49c7b90e]" started-at="2021-06-06T14:42:24 IST" name="testLoginFunctionality" data-provider="SignupData" finished-at="2021-06-06T14:43:21 IST" duration-ms="57150" status="PASS">
          <params>
            <param index="0">
              <value>
                <![CDATA[MR]]>
              </value>
            </param>
            <param index="1">
              <value>
                <![CDATA[User-A]]>
              </value>
            </param>
            <param index="2">
              <value>
                <![CDATA[Last-W]]>
              </value>
            </param>
            <param index="3">
              <value>
                <![CDATA[7766443344]]>
              </value>
            </param>
            <param index="4">
              <value>
                <![CDATA[Password@123]]>
              </value>
            </param>
            <param index="5">
              <value>
                <![CDATA[Password@123]]>
              </value>
            </param>
            <param index="6">
              <value>
                <![CDATA[06/02/2000]]>
              </value>
            </param>
            <param index="7">
              <value>
                <![CDATA[test1@gmail.com]]>
              </value>
            </param>
          </params>
          <reporter-output>
          </reporter-output>
        </test-method> <!-- testLoginFunctionality -->
        <test-method signature="testLoginFunctionality(java.lang.String, java.lang.String, java.lang.String, java.lang.String, java.lang.String, java.lang.String, java.lang.String, java.lang.String)[pri:0, instance:com.testcases.LoginPageTest@49c7b90e]" started-at="2021-06-06T14:43:21 IST" name="testLoginFunctionality" data-provider="SignupData" finished-at="2021-06-06T14:44:11 IST" duration-ms="50293" status="FAIL">
          <params>
            <param index="0">
              <value>
                <![CDATA[MRS]]>
              </value>
            </param>
            <param index="1">
              <value>
                <![CDATA[User-B]]>
              </value>
            </param>
            <param index="2">
              <value>
                <![CDATA[Last-X]]>
              </value>
            </param>
            <param index="3">
              <value>
                <![CDATA[7700000000]]>
              </value>
            </param>
            <param index="4">
              <value>
                <![CDATA[Password@124]]>
              </value>
            </param>
            <param index="5">
              <value>
                <![CDATA[Password@124]]>
              </value>
            </param>
            <param index="6">
              <value>
                <![CDATA[06/01/2000]]>
              </value>
            </param>
            <param index="7">
              <value>
                <![CDATA[test2@gmail.com]]>
              </value>
            </param>
          </params>
          <exception class="java.lang.RuntimeException">
            <message>
              <![CDATA[Expected condition failed: waiting for visibility of Proxy element for: DefaultElementLocator 'By.id: ctl00_mainContent_rbtnl_Trip_1' (tried for 50 second(s) with 500 milliseconds interval)]]>
            </message>
            <full-stacktrace>
              <![CDATA[java.lang.RuntimeException: Expected condition failed: waiting for visibility of Proxy element for: DefaultElementLocator 'By.id: ctl00_mainContent_rbtnl_Trip_1' (tried for 50 second(s) with 500 milliseconds interval)
at com.commonactions.Commonactions.waitForElement(Commonactions.java:884)
at com.pages.SignupPage.selectRoundtrip(SignupPage.java:94)
at com.testcases.LoginPageTest.testLoginFunctionality(LoginPageTest.java:55)
at java.base/jdk.internal.reflect.NativeMethodAccessorImpl.invoke0(Native Method)
at java.base/jdk.internal.reflect.NativeMethodAccessorImpl.invoke(NativeMethodAccessorImpl.java:64)
at java.base/jdk.internal.reflect.DelegatingMethodAccessorImpl.invoke(DelegatingMethodAccessorImpl.java:43)
at java.base/java.lang.reflect.Method.invoke(Method.java:564)
at org.testng.internal.MethodInvocationHelper.invokeMethod(MethodInvocationHelper.java:132)
at org.testng.internal.TestInvoker.invokeMethod(TestInvoker.java:599)
at org.testng.internal.TestInvoker.invokeTestMethod(TestInvoker.java:174)
at org.testng.internal.MethodRunner.runInSequence(MethodRunner.java:46)
at org.testng.internal.TestInvoker$MethodInvocationAgent.invoke(TestInvoker.java:822)
at org.testng.internal.TestInvoker.invokeTestMethods(TestInvoker.java:147)
at org.testng.internal.TestMethodWorker.invokeTestMethods(TestMethodWorker.java:146)
at org.testng.internal.TestMethodWorker.run(TestMethodWorker.java:128)
at java.base/java.util.ArrayList.forEach(ArrayList.java:1511)
at org.testng.TestRunner.privateRun(TestRunner.java:764)
at org.testng.TestRunner.run(TestRunner.java:585)
at org.testng.SuiteRunner.runTest(SuiteRunner.java:384)
at org.testng.SuiteRunner.runSequentially(SuiteRunner.java:378)
at org.testng.SuiteRunner.privateRun(SuiteRunner.java:337)
at org.testng.SuiteRunner.run(SuiteRunner.java:286)
at org.testng.SuiteRunnerWorker.runSuite(SuiteRunnerWorker.java:53)
at org.testng.SuiteRunnerWorker.run(SuiteRunnerWorker.java:96)
at org.testng.TestNG.runSuitesSequentially(TestNG.java:1218)
at org.testng.TestNG.runSuitesLocally(TestNG.java:1140)
at org.testng.TestNG.runSuites(TestNG.java:1069)
at org.testng.TestNG.run(TestNG.java:1037)
at org.testng.remote.AbstractRemoteTestNG.run(AbstractRemoteTestNG.java:115)
at org.testng.remote.RemoteTestNG.initAndRun(RemoteTestNG.java:251)
at org.testng.remote.RemoteTestNG.main(RemoteTestNG.java:77)
]]>
            </full-stacktrace>
          </exception> <!-- java.lang.RuntimeException -->
          <reporter-output>
          </reporter-output>
        </test-method> <!-- testLoginFunctionality -->
        <test-method signature="testLoginFunctionality(java.lang.String, java.lang.String, java.lang.String, java.lang.String, java.lang.String, java.lang.String, java.lang.String, java.lang.String)[pri:0, instance:com.testcases.LoginPageTest@49c7b90e]" started-at="2021-06-06T14:44:11 IST" name="testLoginFunctionality" data-provider="SignupData" finished-at="2021-06-06T14:45:02 IST" duration-ms="50284" status="FAIL">
          <params>
            <param index="0">
              <value>
                <![CDATA[MR]]>
              </value>
            </param>
            <param index="1">
              <value>
                <![CDATA[User-C]]>
              </value>
            </param>
            <param index="2">
              <value>
                <![CDATA[Last-Y]]>
              </value>
            </param>
            <param index="3">
              <value>
                <![CDATA[7712121212]]>
              </value>
            </param>
            <param index="4">
              <value>
                <![CDATA[Password@125]]>
              </value>
            </param>
            <param index="5">
              <value>
                <![CDATA[Password@125]]>
              </value>
            </param>
            <param index="6">
              <value>
                <![CDATA[06/03/2000]]>
              </value>
            </param>
            <param index="7">
              <value>
                <![CDATA[test3@gmai.com]]>
              </value>
            </param>
          </params>
          <exception class="java.lang.RuntimeException">
            <message>
              <![CDATA[Expected condition failed: waiting for visibility of Proxy element for: DefaultElementLocator 'By.id: ctl00_mainContent_rbtnl_Trip_1' (tried for 50 second(s) with 500 milliseconds interval)]]>
            </message>
            <full-stacktrace>
              <![CDATA[java.lang.RuntimeException: Expected condition failed: waiting for visibility of Proxy element for: DefaultElementLocator 'By.id: ctl00_mainContent_rbtnl_Trip_1' (tried for 50 second(s) with 500 milliseconds interval)
at com.commonactions.Commonactions.waitForElement(Commonactions.java:884)
at com.pages.SignupPage.selectRoundtrip(SignupPage.java:94)
at com.testcases.LoginPageTest.testLoginFunctionality(LoginPageTest.java:55)
at java.base/jdk.internal.reflect.NativeMethodAccessorImpl.invoke0(Native Method)
at java.base/jdk.internal.reflect.NativeMethodAccessorImpl.invoke(NativeMethodAccessorImpl.java:64)
at java.base/jdk.internal.reflect.DelegatingMethodAccessorImpl.invoke(DelegatingMethodAccessorImpl.java:43)
at java.base/java.lang.reflect.Method.invoke(Method.java:564)
at org.testng.internal.MethodInvocationHelper.invokeMethod(MethodInvocationHelper.java:132)
at org.testng.internal.TestInvoker.invokeMethod(TestInvoker.java:599)
at org.testng.internal.TestInvoker.invokeTestMethod(TestInvoker.java:174)
at org.testng.internal.MethodRunner.runInSequence(MethodRunner.java:46)
at org.testng.internal.TestInvoker$MethodInvocationAgent.invoke(TestInvoker.java:822)
at org.testng.internal.TestInvoker.invokeTestMethods(TestInvoker.java:147)
at org.testng.internal.TestMethodWorker.invokeTestMethods(TestMethodWorker.java:146)
at org.testng.internal.TestMethodWorker.run(TestMethodWorker.java:128)
at java.base/java.util.ArrayList.forEach(ArrayList.java:1511)
at org.testng.TestRunner.privateRun(TestRunner.java:764)
at org.testng.TestRunner.run(TestRunner.java:585)
at org.testng.SuiteRunner.runTest(SuiteRunner.java:384)
at org.testng.SuiteRunner.runSequentially(SuiteRunner.java:378)
at org.testng.SuiteRunner.privateRun(SuiteRunner.java:337)
at org.testng.SuiteRunner.run(SuiteRunner.java:286)
at org.testng.SuiteRunnerWorker.runSuite(SuiteRunnerWorker.java:53)
at org.testng.SuiteRunnerWorker.run(SuiteRunnerWorker.java:96)
at org.testng.TestNG.runSuitesSequentially(TestNG.java:1218)
at org.testng.TestNG.runSuitesLocally(TestNG.java:1140)
at org.testng.TestNG.runSuites(TestNG.java:1069)
at org.testng.TestNG.run(TestNG.java:1037)
at org.testng.remote.AbstractRemoteTestNG.run(AbstractRemoteTestNG.java:115)
at org.testng.remote.RemoteTestNG.initAndRun(RemoteTestNG.java:251)
at org.testng.remote.RemoteTestNG.main(RemoteTestNG.java:77)
]]>
            </full-stacktrace>
          </exception> <!-- java.lang.RuntimeException -->
          <reporter-output>
          </reporter-output>
        </test-method> <!-- testLoginFunctionality -->
        <test-method signature="testLoginFunctionality(java.lang.String, java.lang.String, java.lang.String, java.lang.String, java.lang.String, java.lang.String, java.lang.String, java.lang.String)[pri:0, instance:com.testcases.LoginPageTest@49c7b90e]" started-at="2021-06-06T14:45:02 IST" name="testLoginFunctionality" data-provider="SignupData" finished-at="2021-06-06T14:45:53 IST" duration-ms="51429" status="FAIL">
          <params>
            <param index="0">
              <value>
                <![CDATA[MRS]]>
              </value>
            </param>
            <param index="1">
              <value>
                <![CDATA[User-D]]>
              </value>
            </param>
            <param index="2">
              <value>
                <![CDATA[Last-Z]]>
              </value>
            </param>
            <param index="3">
              <value>
                <![CDATA[7766888888]]>
              </value>
            </param>
            <param index="4">
              <value>
                <![CDATA[Password@126]]>
              </value>
            </param>
            <param index="5">
              <value>
                <![CDATA[Password@126]]>
              </value>
            </param>
            <param index="6">
              <value>
                <![CDATA[06/04/2000]]>
              </value>
            </param>
            <param index="7">
              <value>
                <![CDATA[test4@gmail.com]]>
              </value>
            </param>
          </params>
          <exception class="java.lang.RuntimeException">
            <message>
              <![CDATA[Expected condition failed: waiting for visibility of Proxy element for: DefaultElementLocator 'By.id: ctl00_mainContent_rbtnl_Trip_1' (tried for 50 second(s) with 500 milliseconds interval)]]>
            </message>
            <full-stacktrace>
              <![CDATA[java.lang.RuntimeException: Expected condition failed: waiting for visibility of Proxy element for: DefaultElementLocator 'By.id: ctl00_mainContent_rbtnl_Trip_1' (tried for 50 second(s) with 500 milliseconds interval)
at com.commonactions.Commonactions.waitForElement(Commonactions.java:884)
at com.pages.SignupPage.selectRoundtrip(SignupPage.java:94)
at com.testcases.LoginPageTest.testLoginFunctionality(LoginPageTest.java:55)
at java.base/jdk.internal.reflect.NativeMethodAccessorImpl.invoke0(Native Method)
at java.base/jdk.internal.reflect.NativeMethodAccessorImpl.invoke(NativeMethodAccessorImpl.java:64)
at java.base/jdk.internal.reflect.DelegatingMethodAccessorImpl.invoke(DelegatingMethodAccessorImpl.java:43)
at java.base/java.lang.reflect.Method.invoke(Method.java:564)
at org.testng.internal.MethodInvocationHelper.invokeMethod(MethodInvocationHelper.java:132)
at org.testng.internal.TestInvoker.invokeMethod(TestInvoker.java:599)
at org.testng.internal.TestInvoker.invokeTestMethod(TestInvoker.java:174)
at org.testng.internal.MethodRunner.runInSequence(MethodRunner.java:46)
at org.testng.internal.TestInvoker$MethodInvocationAgent.invoke(TestInvoker.java:822)
at org.testng.internal.TestInvoker.invokeTestMethods(TestInvoker.java:147)
at org.testng.internal.TestMethodWorker.invokeTestMethods(TestMethodWorker.java:146)
at org.testng.internal.TestMethodWorker.run(TestMethodWorker.java:128)
at java.base/java.util.ArrayList.forEach(ArrayList.java:1511)
at org.testng.TestRunner.privateRun(TestRunner.java:764)
at org.testng.TestRunner.run(TestRunner.java:585)
at org.testng.SuiteRunner.runTest(SuiteRunner.java:384)
at org.testng.SuiteRunner.runSequentially(SuiteRunner.java:378)
at org.testng.SuiteRunner.privateRun(SuiteRunner.java:337)
at org.testng.SuiteRunner.run(SuiteRunner.java:286)
at org.testng.SuiteRunnerWorker.runSuite(SuiteRunnerWorker.java:53)
at org.testng.SuiteRunnerWorker.run(SuiteRunnerWorker.java:96)
at org.testng.TestNG.runSuitesSequentially(TestNG.java:1218)
at org.testng.TestNG.runSuitesLocally(TestNG.java:1140)
at org.testng.TestNG.runSuites(TestNG.java:1069)
at org.testng.TestNG.run(TestNG.java:1037)
at org.testng.remote.AbstractRemoteTestNG.run(AbstractRemoteTestNG.java:115)
at org.testng.remote.RemoteTestNG.initAndRun(RemoteTestNG.java:251)
at org.testng.remote.RemoteTestNG.main(RemoteTestNG.java:77)
]]>
            </full-stacktrace>
          </exception> <!-- java.lang.RuntimeException -->
          <reporter-output>
          </reporter-output>
        </test-method> <!-- testLoginFunctionality -->
        <test-method is-config="true" signature="closer()[pri:0, instance:com.testcases.LoginPageTest@49c7b90e]" started-at="2021-06-06T14:45:53 IST" name="closer" finished-at="2021-06-06T14:45:53 IST" duration-ms="1" status="PASS">
          <reporter-output>
          </reporter-output>
        </test-method> <!-- closer -->
        <test-method is-config="true" signature="afterSuite()[pri:0, instance:com.testcases.LoginPageTest@49c7b90e]" started-at="2021-06-06T14:45:55 IST" name="afterSuite" finished-at="2021-06-06T14:46:01 IST" duration-ms="6342" status="PASS">
          <reporter-output>
          </reporter-output>
        </test-method> <!-- afterSuite -->
      </class> <!-- com.testcases.LoginPageTest -->
    </test> <!-- Test -->
  </suite> <!-- Suite -->
</testng-results>
